kotlin version: 2.0.21
error message: Incremental compilation failed: Disk quota exceeded
java.io.IOException: Disk quota exceeded
	at java.base/java.io.FileDescriptor.close0(Native Method)
	at java.base/java.io.FileDescriptor.close(Unknown Source)
	at java.base/java.io.FileDescriptor$1.close(Unknown Source)
	at java.base/sun.nio.ch.FileChannelImpl$Closer.run(Unknown Source)
	at java.base/jdk.internal.ref.CleanerImpl$PhantomCleanableRef.performCleanup(Unknown Source)
	at java.base/jdk.internal.ref.PhantomCleanable.clean(Unknown Source)
	at java.base/sun.nio.ch.FileChannelImpl.implCloseChannel(Unknown Source)
	at java.base/java.nio.channels.spi.AbstractInterruptibleChannel.close(Unknown Source)
	at java.base/sun.nio.ch.ChannelOutputStream.close(Unknown Source)
	at java.base/java.nio.file.Files.write(Unknown Source)
	at org.jetbrains.kotlin.incremental.CompilationTransactionKt.writeBytes$lambda$0(CompilationTransaction.kt:68)
	at org.jetbrains.kotlin.incremental.CompilationTransactionKt.write(CompilationTransaction.kt:56)
	at org.jetbrains.kotlin.incremental.CompilationTransactionKt.writeBytes(CompilationTransaction.kt:64)
	at org.jetbrains.kotlin.incremental.CompilationTransactionKt.writeText(CompilationTransaction.kt:60)
	at org.jetbrains.kotlin.incremental.IncrementalCompilerRunner.doCompile(IncrementalCompilerRunner.kt:518)
	at org.jetbrains.kotlin.incremental.IncrementalCompilerRunner.compileImpl(IncrementalCompilerRunner.kt:423)
	at org.jetbrains.kotlin.incremental.IncrementalCompilerRunner.tryCompileIncrementally$lambda$9$compile(IncrementalCompilerRunner.kt:249)
	at org.jetbrains.kotlin.incremental.IncrementalCompilerRunner.tryCompileIncrementally(IncrementalCompilerRunner.kt:267)
	at org.jetbrains.kotlin.incremental.IncrementalCompilerRunner.compile(IncrementalCompilerRunner.kt:120)
	at org.jetbrains.kotlin.daemon.CompileServiceImplBase.execIncrementalCompiler(CompileServiceImpl.kt:675)
	at org.jetbrains.kotlin.daemon.CompileServiceImplBase.access$execIncrementalCompiler(CompileServiceImpl.kt:92)
	at org.jetbrains.kotlin.daemon.CompileServiceImpl.compile(CompileServiceImpl.kt:1660)
	at java.base/jdk.internal.reflect.DirectMethodHandleAccessor.invoke(Unknown Source)
	at java.base/java.lang.reflect.Method.invoke(Unknown Source)
	at java.rmi/sun.rmi.server.UnicastServerRef.dispatch(Unknown Source)
	at java.rmi/sun.rmi.transport.Transport$1.run(Unknown Source)
	at java.rmi/sun.rmi.transport.Transport$1.run(Unknown Source)
	at java.base/java.security.AccessController.doPrivileged(Unknown Source)
	at java.rmi/sun.rmi.transport.Transport.serviceCall(Unknown Source)
	at java.rmi/sun.rmi.transport.tcp.TCPTransport.handleMessages(Unknown Source)
	at java.rmi/sun.rmi.transport.tcp.TCPTransport$ConnectionHandler.run0(Unknown Source)
	at java.rmi/sun.rmi.transport.tcp.TCPTransport$ConnectionHandler.lambda$run$0(Unknown Source)
	at java.base/java.security.AccessController.doPrivileged(Unknown Source)
	at java.rmi/sun.rmi.transport.tcp.TCPTransport$ConnectionHandler.run(Unknown Source)
	at java.base/java.util.concurrent.ThreadPoolExecutor.runWorker(Unknown Source)
	at java.base/java.util.concurrent.ThreadPoolExecutor$Worker.run(Unknown Source)
	at java.base/java.lang.Thread.run(Unknown Source)


